# JRE version: Java(TM) SE Runtime Environment (8.0_51-b16) (build 1.8.0_51-b16)
# Java VM: Java HotSpot(TM) 64-Bit Server VM (25.51-b03 mixed mode windows-amd64 compressed oops)
Heap:
 PSYoungGen      total 56832K, used 23158K [0x00000000d6e00000, 0x00000000dad00000, 0x0000000100000000)
  eden space 51712K, 44% used [0x00000000d6e00000,0x00000000d849d920,0x00000000da080000)
  from space 5120K, 0% used [0x00000000da580000,0x00000000da580000,0x00000000daa80000)
  to   space 5120K, 0% used [0x00000000da080000,0x00000000da080000,0x00000000da580000)
 ParOldGen       total 321536K, used 321304K [0x0000000084a00000, 0x0000000098400000, 0x00000000d6e00000)
  object space 321536K, 99% used [0x0000000084a00000,0x00000000983c60f8,0x0000000098400000)
 Metaspace       used 10253K, capacity 10336K, committed 10496K, reserved 1058816K
  class space    used 1144K, capacity 1168K, committed 1280K, reserved 1048576K
GC Heap History (10 events):
Event: 4.420 GC heap before
{Heap before GC invocations=7 (full 2):
 PSYoungGen      total 56832K, used 51712K [0x00000000d6e00000, 0x00000000dad00000, 0x0000000100000000)
  eden space 51712K, 100% used [0x00000000d6e00000,0x00000000da080000,0x00000000da080000)
  from space 5120K, 0% used [0x00000000da580000,0x00000000da580000,0x00000000daa80000)
  to   space 5120K, 0% used [0x00000000da080000,0x00000000da080000,0x00000000da580000)
 ParOldGen       total 321536K, used 193702K [0x0000000084a00000, 0x0000000098400000, 0x00000000d6e00000)
  object space 321536K, 60% used [0x0000000084a00000,0x00000000907298d8,0x0000000098400000)
 Metaspace       used 4598K, capacity 5088K, committed 5248K, reserved 1056768K
  class space    used 502K, capacity 528K, committed 640K, reserved 1048576K
Event: 4.482 GC heap after
Heap after GC invocations=7 (full 2):
 PSYoungGen      total 56832K, used 5118K [0x00000000d6e00000, 0x00000000dad00000, 0x0000000100000000)
  eden space 51712K, 0% used [0x00000000d6e00000,0x00000000d6e00000,0x00000000da080000)
  from space 5120K, 99% used [0x00000000da080000,0x00000000da57fb58,0x00000000da580000)
  to   space 5120K, 0% used [0x00000000da580000,0x00000000da580000,0x00000000daa80000)
 ParOldGen       total 321536K, used 237654K [0x0000000084a00000, 0x0000000098400000, 0x00000000d6e00000)
  object space 321536K, 73% used [0x0000000084a00000,0x00000000932158d8,0x0000000098400000)
 Metaspace       used 4598K, capacity 5088K, committed 5248K, reserved 1056768K
  class space    used 502K, capacity 528K, committed 640K, reserved 1048576K
}
Event: 4.566 GC heap before
{Heap before GC invocations=8 (full 2):
 PSYoungGen      total 56832K, used 56830K [0x00000000d6e00000, 0x00000000dad00000, 0x0000000100000000)
  eden space 51712K, 100% used [0x00000000d6e00000,0x00000000da080000,0x00000000da080000)
  from space 5120K, 99% used [0x00000000da080000,0x00000000da57fb58,0x00000000da580000)
  to   space 5120K, 0% used [0x00000000da580000,0x00000000da580000,0x00000000daa80000)
 ParOldGen       total 321536K, used 237654K [0x0000000084a00000, 0x0000000098400000, 0x00000000d6e00000)
  object space 321536K, 73% used [0x0000000084a00000,0x00000000932158d8,0x0000000098400000)
 Metaspace       used 4598K, capacity 5088K, committed 5248K, reserved 1056768K
  class space    used 502K, capacity 528K, committed 640K, reserved 1048576K
Event: 4.639 GC heap after
Heap after GC invocations=8 (full 2):
 PSYoungGen      total 56832K, used 5117K [0x00000000d6e00000, 0x00000000dad00000, 0x0000000100000000)
  eden space 51712K, 0% used [0x00000000d6e00000,0x00000000d6e00000,0x00000000da080000)
  from space 5120K, 99% used [0x00000000da580000,0x00000000daa7f568,0x00000000daa80000)
  to   space 5120K, 0% used [0x00000000da080000,0x00000000da080000,0x00000000da580000)
 ParOldGen       total 321536K, used 285590K [0x0000000084a00000, 0x0000000098400000, 0x00000000d6e00000)
  object space 321536K, 88% used [0x0000000084a00000,0x00000000960e58d8,0x0000000098400000)
 Metaspace       used 4598K, capacity 5088K, committed 5248K, reserved 1056768K
  class space    used 502K, capacity 528K, committed 640K, reserved 1048576K
}
Event: 4.639 GC heap before
{Heap before GC invocations=9 (full 3):
 PSYoungGen      total 56832K, used 5117K [0x00000000d6e00000, 0x00000000dad00000, 0x0000000100000000)
  eden space 51712K, 0% used [0x00000000d6e00000,0x00000000d6e00000,0x00000000da080000)
  from space 5120K, 99% used [0x00000000da580000,0x00000000daa7f568,0x00000000daa80000)
  to   space 5120K, 0% used [0x00000000da080000,0x00000000da080000,0x00000000da580000)
 ParOldGen       total 321536K, used 285590K [0x0000000084a00000, 0x0000000098400000, 0x00000000d6e00000)
  object space 321536K, 88% used [0x0000000084a00000,0x00000000960e58d8,0x0000000098400000)
 Metaspace       used 4598K, capacity 5088K, committed 5248K, reserved 1056768K
  class space    used 502K, capacity 528K, committed 640K, reserved 1048576K
Event: 6.099 GC heap after
Heap after GC invocations=9 (full 3):
 PSYoungGen      total 56832K, used 0K [0x00000000d6e00000, 0x00000000dad00000, 0x0000000100000000)
  eden space 51712K, 0% used [0x00000000d6e00000,0x00000000d6e00000,0x00000000da080000)
  from space 5120K, 0% used [0x00000000da580000,0x00000000da580000,0x00000000daa80000)
  to   space 5120K, 0% used [0x00000000da080000,0x00000000da080000,0x00000000da580000)
 ParOldGen       total 321536K, used 290358K [0x0000000084a00000, 0x0000000098400000, 0x00000000d6e00000)
  object space 321536K, 90% used [0x0000000084a00000,0x000000009658d9a0,0x0000000098400000)
 Metaspace       used 4598K, capacity 5088K, committed 5248K, reserved 1056768K
  class space    used 502K, capacity 528K, committed 640K, reserved 1048576K
}
Event: 6.155 GC heap before
{Heap before GC invocations=10 (full 4):
 PSYoungGen      total 56832K, used 47490K [0x00000000d6e00000, 0x00000000dad00000, 0x0000000100000000)
  eden space 51712K, 91% used [0x00000000d6e00000,0x00000000d9c609f8,0x00000000da080000)
  from space 5120K, 0% used [0x00000000da580000,0x00000000da580000,0x00000000daa80000)
  to   space 5120K, 0% used [0x00000000da080000,0x00000000da080000,0x00000000da580000)
 ParOldGen       total 321536K, used 290358K [0x0000000084a00000, 0x0000000098400000, 0x00000000d6e00000)
  object space 321536K, 90% used [0x0000000084a00000,0x000000009658d9a0,0x0000000098400000)
 Metaspace       used 4600K, capacity 5088K, committed 5248K, reserved 1056768K
  class space    used 502K, capacity 528K, committed 640K, reserved 1048576K
Event: 6.838 GC heap after
Heap after GC invocations=10 (full 4):
 PSYoungGen      total 56832K, used 11792K [0x00000000d6e00000, 0x00000000dad00000, 0x0000000100000000)
  eden space 51712K, 22% used [0x00000000d6e00000,0x00000000d7984010,0x00000000da080000)
  from space 5120K, 0% used [0x00000000da580000,0x00000000da580000,0x00000000daa80000)
  to   space 5120K, 0% used [0x00000000da080000,0x00000000da080000,0x00000000da580000)
 ParOldGen       total 321536K, used 310975K [0x0000000084a00000, 0x0000000098400000, 0x00000000d6e00000)
  object space 321536K, 96% used [0x0000000084a00000,0x00000000979afc90,0x0000000098400000)
 Metaspace       used 4600K, capacity 5088K, committed 5248K, reserved 1056768K
  class space    used 502K, capacity 528K, committed 640K, reserved 1048576K
}
Event: 7.254 GC heap before
{Heap before GC invocations=11 (full 5):
 PSYoungGen      total 56832K, used 48974K [0x00000000d6e00000, 0x00000000dad00000, 0x0000000100000000)
  eden space 51712K, 94% used [0x00000000d6e00000,0x00000000d9dd39b0,0x00000000da080000)
  from space 5120K, 0% used [0x00000000da580000,0x00000000da580000,0x00000000daa80000)
  to   space 5120K, 0% used [0x00000000da080000,0x00000000da080000,0x00000000da580000)
 ParOldGen       total 321536K, used 310975K [0x0000000084a00000, 0x0000000098400000, 0x00000000d6e00000)
  object space 321536K, 96% used [0x0000000084a00000,0x00000000979afc90,0x0000000098400000)
 Metaspace       used 7968K, capacity 8064K, committed 8192K, reserved 1056768K
  class space    used 906K, capacity 944K, committed 1024K, reserved 1048576K
Event: 7.930 GC heap after
Heap after GC invocations=11 (full 5):
 PSYoungGen      total 56832K, used 6685K [0x00000000d6e00000, 0x00000000dad00000, 0x0000000100000000)
  eden space 51712K, 12% used [0x00000000d6e00000,0x00000000d74875f0,0x00000000da080000)
  from space 5120K, 0% used [0x00000000da580000,0x00000000da580000,0x00000000daa80000)
  to   space 5120K, 0% used [0x00000000da080000,0x00000000da080000,0x00000000da580000)
 ParOldGen       total 321536K, used 321304K [0x0000000084a00000, 0x0000000098400000, 0x00000000d6e00000)
  object space 321536K, 99% used [0x0000000084a00000,0x00000000983c60f8,0x0000000098400000)
 Metaspace       used 7968K, capacity 8064K, committed 8192K, reserved 1056768K
  class space    used 906K, capacity 944K, committed 1024K, reserved 1048576K
}

