# JRE version: Java(TM) SE Runtime Environment (8.0_51-b16) (build 1.8.0_51-b16)
# Java VM: Java HotSpot(TM) 64-Bit Server VM (25.51-b03 mixed mode windows-amd64 compressed oops)
Heap:
 PSYoungGen      total 57856K, used 38279K [0x00000000d6e00000, 0x00000000e2380000, 0x0000000100000000)
  eden space 52736K, 72% used [0x00000000d6e00000,0x00000000d9361cc8,0x00000000da180000)
  from space 5120K, 0% used [0x00000000da180000,0x00000000da180000,0x00000000da680000)
  to   space 58368K, 0% used [0x00000000dea80000,0x00000000dea80000,0x00000000e2380000)
 ParOldGen       total 320000K, used 318845K [0x0000000084a00000, 0x0000000098280000, 0x00000000d6e00000)
  object space 320000K, 99% used [0x0000000084a00000,0x000000009815f598,0x0000000098280000)
 Metaspace       used 12869K, capacity 13030K, committed 13312K, reserved 1064960K
  class space    used 1440K, capacity 1473K, committed 1536K, reserved 1048576K
GC Heap History (10 events):
Event: 4.589 GC heap before
{Heap before GC invocations=7 (full 2):
 PSYoungGen      total 57856K, used 52736K [0x00000000d6e00000, 0x00000000dad80000, 0x0000000100000000)
  eden space 52736K, 100% used [0x00000000d6e00000,0x00000000da180000,0x00000000da180000)
  from space 5120K, 0% used [0x00000000da680000,0x00000000da680000,0x00000000dab80000)
  to   space 5120K, 0% used [0x00000000da180000,0x00000000da180000,0x00000000da680000)
 ParOldGen       total 320000K, used 193374K [0x0000000084a00000, 0x0000000098280000, 0x00000000d6e00000)
  object space 320000K, 60% used [0x0000000084a00000,0x00000000906d7ad0,0x0000000098280000)
 Metaspace       used 4600K, capacity 5088K, committed 5248K, reserved 1056768K
  class space    used 502K, capacity 528K, committed 640K, reserved 1048576K
Event: 4.662 GC heap after
Heap after GC invocations=7 (full 2):
 PSYoungGen      total 57856K, used 5118K [0x00000000d6e00000, 0x00000000e2380000, 0x0000000100000000)
  eden space 52736K, 0% used [0x00000000d6e00000,0x00000000d6e00000,0x00000000da180000)
  from space 5120K, 99% used [0x00000000da180000,0x00000000da67fb58,0x00000000da680000)
  to   space 58368K, 0% used [0x00000000dea80000,0x00000000dea80000,0x00000000e2380000)
 ParOldGen       total 320000K, used 238350K [0x0000000084a00000, 0x0000000098280000, 0x00000000d6e00000)
  object space 320000K, 74% used [0x0000000084a00000,0x00000000932c3ad0,0x0000000098280000)
 Metaspace       used 4600K, capacity 5088K, committed 5248K, reserved 1056768K
  class space    used 502K, capacity 528K, committed 640K, reserved 1048576K
}
Event: 4.748 GC heap before
{Heap before GC invocations=8 (full 2):
 PSYoungGen      total 57856K, used 56733K [0x00000000d6e00000, 0x00000000e2380000, 0x0000000100000000)
  eden space 52736K, 97% used [0x00000000d6e00000,0x00000000da067960,0x00000000da180000)
  from space 5120K, 99% used [0x00000000da180000,0x00000000da67fb58,0x00000000da680000)
  to   space 58368K, 0% used [0x00000000dea80000,0x00000000dea80000,0x00000000e2380000)
 ParOldGen       total 320000K, used 238350K [0x0000000084a00000, 0x0000000098280000, 0x00000000d6e00000)
  object space 320000K, 74% used [0x0000000084a00000,0x00000000932c3ad0,0x0000000098280000)
 Metaspace       used 4600K, capacity 5088K, committed 5248K, reserved 1056768K
  class space    used 502K, capacity 528K, committed 640K, reserved 1048576K
Event: 4.818 GC heap after
Heap after GC invocations=8 (full 2):
 PSYoungGen      total 111104K, used 52285K [0x00000000d6e00000, 0x00000000e2380000, 0x0000000100000000)
  eden space 52736K, 0% used [0x00000000d6e00000,0x00000000d6e00000,0x00000000da180000)
  from space 58368K, 89% used [0x00000000dea80000,0x00000000e1d8f568,0x00000000e2380000)
  to   space 5120K, 0% used [0x00000000da180000,0x00000000da180000,0x00000000da680000)
 ParOldGen       total 320000K, used 238350K [0x0000000084a00000, 0x0000000098280000, 0x00000000d6e00000)
  object space 320000K, 74% used [0x0000000084a00000,0x00000000932c3ad0,0x0000000098280000)
 Metaspace       used 4600K, capacity 5088K, committed 5248K, reserved 1056768K
  class space    used 502K, capacity 528K, committed 640K, reserved 1048576K
}
Event: 4.876 GC heap before
{Heap before GC invocations=9 (full 2):
 PSYoungGen      total 111104K, used 99757K [0x00000000d6e00000, 0x00000000e2380000, 0x0000000100000000)
  eden space 52736K, 90% used [0x00000000d6e00000,0x00000000d9c5c180,0x00000000da180000)
  from space 58368K, 89% used [0x00000000dea80000,0x00000000e1d8f568,0x00000000e2380000)
  to   space 5120K, 0% used [0x00000000da180000,0x00000000da180000,0x00000000da680000)
 ParOldGen       total 320000K, used 238350K [0x0000000084a00000, 0x0000000098280000, 0x00000000d6e00000)
  object space 320000K, 74% used [0x0000000084a00000,0x00000000932c3ad0,0x0000000098280000)
 Metaspace       used 4602K, capacity 5088K, committed 5248K, reserved 1056768K
  class space    used 502K, capacity 528K, committed 640K, reserved 1048576K
Event: 4.969 GC heap after
Heap after GC invocations=9 (full 2):
 PSYoungGen      total 57856K, used 5100K [0x00000000d6e00000, 0x00000000e2380000, 0x0000000100000000)
  eden space 52736K, 0% used [0x00000000d6e00000,0x00000000d6e00000,0x00000000da180000)
  from space 5120K, 99% used [0x00000000da180000,0x00000000da67b010,0x00000000da680000)
  to   space 58368K, 0% used [0x00000000dea80000,0x00000000dea80000,0x00000000e2380000)
 ParOldGen       total 320000K, used 318070K [0x0000000084a00000, 0x0000000098280000, 0x00000000d6e00000)
  object space 320000K, 99% used [0x0000000084a00000,0x000000009809dae0,0x0000000098280000)
 Metaspace       used 4602K, capacity 5088K, committed 5248K, reserved 1056768K
  class space    used 502K, capacity 528K, committed 640K, reserved 1048576K
}
Event: 4.969 GC heap before
{Heap before GC invocations=10 (full 3):
 PSYoungGen      total 57856K, used 5100K [0x00000000d6e00000, 0x00000000e2380000, 0x0000000100000000)
  eden space 52736K, 0% used [0x00000000d6e00000,0x00000000d6e00000,0x00000000da180000)
  from space 5120K, 99% used [0x00000000da180000,0x00000000da67b010,0x00000000da680000)
  to   space 58368K, 0% used [0x00000000dea80000,0x00000000dea80000,0x00000000e2380000)
 ParOldGen       total 320000K, used 318070K [0x0000000084a00000, 0x0000000098280000, 0x00000000d6e00000)
  object space 320000K, 99% used [0x0000000084a00000,0x000000009809dae0,0x0000000098280000)
 Metaspace       used 4602K, capacity 5088K, committed 5248K, reserved 1056768K
  class space    used 502K, capacity 528K, committed 640K, reserved 1048576K
Event: 6.785 GC heap after
Heap after GC invocations=10 (full 3):
 PSYoungGen      total 57856K, used 5099K [0x00000000d6e00000, 0x00000000e2380000, 0x0000000100000000)
  eden space 52736K, 0% used [0x00000000d6e00000,0x00000000d6e00000,0x00000000da180000)
  from space 5120K, 99% used [0x00000000da180000,0x00000000da67aeb8,0x00000000da680000)
  to   space 58368K, 0% used [0x00000000dea80000,0x00000000dea80000,0x00000000e2380000)
 ParOldGen       total 320000K, used 317657K [0x0000000084a00000, 0x0000000098280000, 0x00000000d6e00000)
  object space 320000K, 99% used [0x0000000084a00000,0x00000000980366b0,0x0000000098280000)
 Metaspace       used 4602K, capacity 5088K, committed 5248K, reserved 1056768K
  class space    used 502K, capacity 528K, committed 640K, reserved 1048576K
}
Event: 7.500 GC heap before
{Heap before GC invocations=11 (full 4):
 PSYoungGen      total 57856K, used 57835K [0x00000000d6e00000, 0x00000000e2380000, 0x0000000100000000)
  eden space 52736K, 100% used [0x00000000d6e00000,0x00000000da180000,0x00000000da180000)
  from space 5120K, 99% used [0x00000000da180000,0x00000000da67aeb8,0x00000000da680000)
  to   space 58368K, 0% used [0x00000000dea80000,0x00000000dea80000,0x00000000e2380000)
 ParOldGen       total 320000K, used 317657K [0x0000000084a00000, 0x0000000098280000, 0x00000000d6e00000)
  object space 320000K, 99% used [0x0000000084a00000,0x00000000980366b0,0x0000000098280000)
 Metaspace       used 10584K, capacity 10624K, committed 10752K, reserved 1058816K
  class space    used 1170K, capacity 1200K, committed 1280K, reserved 1048576K
Event: 8.088 GC heap after
Heap after GC invocations=11 (full 4):
 PSYoungGen      total 57856K, used 12813K [0x00000000d6e00000, 0x00000000e2380000, 0x0000000100000000)
  eden space 52736K, 24% used [0x00000000d6e00000,0x00000000d7a837e8,0x00000000da180000)
  from space 5120K, 0% used [0x00000000da180000,0x00000000da180000,0x00000000da680000)
  to   space 58368K, 0% used [0x00000000dea80000,0x00000000dea80000,0x00000000e2380000)
 ParOldGen       total 320000K, used 318845K [0x0000000084a00000, 0x0000000098280000, 0x00000000d6e00000)
  object space 320000K, 99% used [0x0000000084a00000,0x000000009815f598,0x0000000098280000)
 Metaspace       used 10584K, capacity 10624K, committed 10752K, reserved 1058816K
  class space    used 1170K, capacity 1200K, committed 1280K, reserved 1048576K
}

